<?xml version="1.0" encoding="UTF-8"?>
<!-- Generated by org.testng.reporters.JUnitReportReporter -->
<testsuite hostname="neha_singh" failures="0" tests="3" name="Runner.Runner" time="0.145" errors="0" timestamp="2023-12-03T23:55:07 IST" skipped="0">
  <testcase classname="Runner.Runner" name="runScenario" time="0.006"/>
  <testcase classname="Runner.Runner" name="runScenario" time="0.010"/>
  <testcase classname="Runner.Runner" name="runScenario" time="0.129"/>
</testsuite> <!-- Runner.Runner -->
